<?xml version="1.0" encoding="UTF-8"?>
<testng-results ignored="0" total="3" passed="3" failed="0" skipped="0">
  <reporter-output>
  </reporter-output>
  <suite started-at="2023-03-21T00:16:55 IST" name="Default suite" finished-at="2023-03-21T00:16:56 IST" duration-ms="54">
    <groups>
    </groups>
    <test started-at="2023-03-21T00:16:55 IST" name="Default test" finished-at="2023-03-21T00:16:56 IST" duration-ms="54">
      <class name="com.testng.TestNG_PriorityAnnotations">
        <test-method signature="Tamil()[pri:-10, instance:com.testng.TestNG_PriorityAnnotations@72cde7cc]" started-at="2023-03-21T00:16:56 IST" name="Tamil" finished-at="2023-03-21T00:16:56 IST" duration-ms="8" status="PASS">
          <reporter-output>
          </reporter-output>
        </test-method> <!-- Tamil -->
        <test-method signature="English()[pri:11, instance:com.testng.TestNG_PriorityAnnotations@72cde7cc]" started-at="2023-03-21T00:16:56 IST" name="English" finished-at="2023-03-21T00:16:56 IST" duration-ms="2" status="PASS">
          <reporter-output>
          </reporter-output>
        </test-method> <!-- English -->
        <test-method signature="Maths()[pri:20, instance:com.testng.TestNG_PriorityAnnotations@72cde7cc]" started-at="2023-03-21T00:16:56 IST" name="Maths" finished-at="2023-03-21T00:16:56 IST" duration-ms="1" status="PASS">
          <reporter-output>
          </reporter-output>
        </test-method> <!-- Maths -->
      </class> <!-- com.testng.TestNG_PriorityAnnotations -->
    </test> <!-- Default test -->
  </suite> <!-- Default suite -->
</testng-results>
