<?xml version="1.0" encoding="UTF-8"?>
<!-- Generated by org.testng.reporters.JUnitXMLReporter -->
<testsuite ignored="0" hostname="DESKTOP-7BUE80M" failures="0" tests="3" name="Default test" time="0.054" errors="0" timestamp="2023-03-21T00:16:56 IST">
  <testcase classname="com.testng.TestNG_PriorityAnnotations" name="Tamil" time="0.008"/>
  <testcase classname="com.testng.TestNG_PriorityAnnotations" name="English" time="0.002"/>
  <testcase classname="com.testng.TestNG_PriorityAnnotations" name="Maths" time="0.001"/>
</testsuite> <!-- Default test -->
